  Animal.cpp
  Antelope.cpp
  Dandelion.cpp
  Deadly_berry.cpp
  Fox.cpp
  Game.cpp
d:\vsprojects\vws\vws\consoleprinter.h(38): warning C4267: "argument": konwersja z "size_t" do "DWORD", możliwa utrata danych
d:\vsprojects\vws\vws\game.cpp(169): warning C4996: 'fopen': This function or variable may be unsafe. Consider using fopen_s instead. To disable deprecation, use _CRT_SECURE_NO_WARNINGS. See online help for details.
  c:\program files (x86)\windows kits\10\include\10.0.17763.0\ucrt\stdio.h(208): note: zobacz deklarację „fopen”
d:\vsprojects\vws\vws\game.cpp(180): warning C4996: 'fopen': This function or variable may be unsafe. Consider using fopen_s instead. To disable deprecation, use _CRT_SECURE_NO_WARNINGS. See online help for details.
  c:\program files (x86)\windows kits\10\include\10.0.17763.0\ucrt\stdio.h(208): note: zobacz deklarację „fopen”
  Grass.cpp
  Guarana.cpp
  Human.cpp
  Narrator.cpp
d:\vsprojects\vws\vws\consoleprinter.h(38): warning C4267: "argument": konwersja z "size_t" do "DWORD", możliwa utrata danych
d:\vsprojects\vws\vws\narrator.cpp(56): warning C4267: "=": konwersja z "size_t" do "int", możliwa utrata danych
  Organism.cpp
d:\vsprojects\vws\vws\consoleprinter.h(38): warning C4267: "argument": konwersja z "size_t" do "DWORD", możliwa utrata danych
  Plant.cpp
  Sheep.cpp
  Sos_hogweed.cpp
  Turtle.cpp
  Wolf.cpp
  World.cpp
d:\vsprojects\vws\vws\consoleprinter.h(38): warning C4267: "argument": konwersja z "size_t" do "DWORD", możliwa utrata danych
  main.cpp
  Generowanie kodu...
  VWS.vcxproj -> D:\VSProjects\VWS\x64\Debug\VWS.exe
